<?xml version="1.0" encoding="UTF-8"?>
<!-- Generated by org.testng.reporters.JUnitReportReporter -->
<testsuite hostname="DESKTOP-DVS8QS6" failures="0" tests="1" name="lessonTwoSelenium.test1" time="0.014" errors="0" timestamp="2022-11-26T23:14:45 TRT" skipped="0">
  <testcase classname="lessonTwoSelenium.test1" name="streamMap" time="0.014"/>
  <system-out/>
</testsuite> <!-- lessonTwoSelenium.test1 -->
