<?xml version="1.0" encoding="UTF-8"?>
<!-- Generated by org.testng.reporters.JUnitReportReporter -->
<testsuite hostname="DESKTOP-DVS8QS6" failures="0" tests="1" name="lessonTwoSelenium.test1" time="0.009" errors="0" timestamp="2022-11-26T18:15:11 TRT" skipped="0">
  <testcase classname="lessonTwoSelenium.test1" name="streamFilter" time="0.009"/>
  <system-out/>
</testsuite> <!-- lessonTwoSelenium.test1 -->
